<?xml version="1.0" encoding="UTF-8"?>
<testsuite xmlns:xsi="http://www.w3.org/2001/XMLSchema-instance" xsi:noNamespaceSchemaLocation="https://maven.apache.org/surefire/maven-surefire-plugin/xsd/surefire-test-report.xsd" version="3.0.2" name="com.example.examen_02.Examen02ApplicationTests" time="12.813" tests="1" errors="0" skipped="0" failures="0">
  <properties>
[...]
</properties>
  <testcase name="contextLoads" classname="com.example.examen_02.Examen02ApplicationTests" time="1.283">
    <system-out><![CDATA[15:49:50.973 [main] INFO org.springframework.test.context.support.AnnotationConfigContextLoaderUtils -- Could not detect default configuration classes for test class [com.example.examen_02.Examen02ApplicationTests]: Examen02ApplicationTests does not declare any static, non-private, non-final, nested classes annotated with @Configuration.
15:49:51.203 [main] INFO org.springframework.boot.test.context.SpringBootTestContextBootstrapper -- Found @SpringBootConfiguration com.example.examen_02.Examen02Application for test class com.example.examen_02.Examen02ApplicationTests
15:49:51.558 [main] INFO org.springframework.boot.devtools.restart.RestartApplicationListener -- Restart disabled due to context in which it is running

  .   ____          _            __ _ _
 /\\ / ___'_ __ _ _(_)_ __  __ _ \ \ \ \
( ( )\___ | '_ | '_| | '_ \/ _` | \ \ \ \
 \\/  ___)| |_)| | | | | || (_| |  ) ) ) )
  '  |____| .__|_| |_|_| |_\__, | / / / /
 =========|_|==============|___/=/_/_/_/

 :: Spring Boot ::                (v3.4.0)

2024-11-28T15:49:52.097-06:00  INFO 3536 --- [examen_02] [           main] c.e.examen_02.Examen02ApplicationTests   : Starting Examen02ApplicationTests using Java 21.0.3 with PID 3536 (started by josea in C:\Users\josea\Documents\7mo Semestre\Desarrollo de Aplicaciones\Departamental02\examen_02)
2024-11-28T15:49:52.099-06:00  INFO 3536 --- [examen_02] [           main] c.e.examen_02.Examen02ApplicationTests   : No active profile set, falling back to 1 default profile: "default"
2024-11-28T15:49:53.625-06:00  INFO 3536 --- [examen_02] [           main] .s.d.r.c.RepositoryConfigurationDelegate : Bootstrapping Spring Data JPA repositories in DEFAULT mode.
2024-11-28T15:49:53.717-06:00  INFO 3536 --- [examen_02] [           main] .s.d.r.c.RepositoryConfigurationDelegate : Finished Spring Data repository scanning in 71 ms. Found 1 JPA repository interface.
2024-11-28T15:49:54.707-06:00  INFO 3536 --- [examen_02] [           main] o.hibernate.jpa.internal.util.LogHelper  : HHH000204: Processing PersistenceUnitInfo [name: default]
2024-11-28T15:49:54.833-06:00  INFO 3536 --- [examen_02] [           main] org.hibernate.Version                    : HHH000412: Hibernate ORM core version 6.6.2.Final
2024-11-28T15:49:54.880-06:00  INFO 3536 --- [examen_02] [           main] o.h.c.internal.RegionFactoryInitiator    : HHH000026: Second-level cache disabled
2024-11-28T15:49:55.400-06:00  INFO 3536 --- [examen_02] [           main] o.s.o.j.p.SpringPersistenceUnitInfo      : No LoadTimeWeaver setup: ignoring JPA class transformer
2024-11-28T15:49:55.442-06:00  INFO 3536 --- [examen_02] [           main] com.zaxxer.hikari.HikariDataSource       : HikariPool-1 - Starting...
2024-11-28T15:49:55.773-06:00  INFO 3536 --- [examen_02] [           main] com.zaxxer.hikari.pool.HikariPool        : HikariPool-1 - Added connection com.mysql.cj.jdbc.ConnectionImpl@15d58530
2024-11-28T15:49:55.778-06:00  INFO 3536 --- [examen_02] [           main] com.zaxxer.hikari.HikariDataSource       : HikariPool-1 - Start completed.
2024-11-28T15:49:55.835-06:00  WARN 3536 --- [examen_02] [           main] org.hibernate.orm.deprecation            : HHH90000025: MySQL8Dialect does not need to be specified explicitly using 'hibernate.dialect' (remove the property setting and it will be selected by default)
2024-11-28T15:49:55.838-06:00  WARN 3536 --- [examen_02] [           main] org.hibernate.orm.deprecation            : HHH90000026: MySQL8Dialect has been deprecated; use org.hibernate.dialect.MySQLDialect instead
2024-11-28T15:49:55.917-06:00  INFO 3536 --- [examen_02] [           main] org.hibernate.orm.connections.pooling    : HHH10001005: Database info:
	Database JDBC URL [Connecting through datasource 'HikariDataSource (HikariPool-1)']
	Database driver: undefined/unknown
	Database version: 8.0
	Autocommit mode: undefined/unknown
	Isolation level: undefined/unknown
	Minimum pool size: undefined/unknown
	Maximum pool size: undefined/unknown
2024-11-28T15:49:57.368-06:00  INFO 3536 --- [examen_02] [           main] o.h.e.t.j.p.i.JtaPlatformInitiator       : HHH000489: No JTA platform available (set 'hibernate.transaction.jta.platform' to enable JTA platform integration)
Hibernate: drop table if exists products
Hibernate: create table products (price decimal(38,2) not null, stock_quantity integer not null, created_at datetime(6), product_id bigint not null auto_increment, product_description varchar(255), product_name varchar(255) not null, primary key (product_id)) engine=InnoDB
2024-11-28T15:49:57.463-06:00  INFO 3536 --- [examen_02] [           main] j.LocalContainerEntityManagerFactoryBean : Initialized JPA EntityManagerFactory for persistence unit 'default'
2024-11-28T15:49:58.799-06:00  WARN 3536 --- [examen_02] [           main] JpaBaseConfiguration$JpaWebConfiguration : spring.jpa.open-in-view is enabled by default. Therefore, database queries may be performed during view rendering. Explicitly configure spring.jpa.open-in-view to disable this warning
2024-11-28T15:49:59.188-06:00  INFO 3536 --- [examen_02] [           main] r$InitializeUserDetailsManagerConfigurer : Global AuthenticationManager configured with UserDetailsService bean with name userDetailsService
2024-11-28T15:50:01.997-06:00  INFO 3536 --- [examen_02] [           main] c.e.examen_02.Examen02ApplicationTests   : Started Examen02ApplicationTests in 10.46 seconds (process running for 12.577)
]]></system-out>
    <system-err><![CDATA[Mockito is currently self-attaching to enable the inline-mock-maker. This will no longer work in future releases of the JDK. Please add Mockito as an agent to your build what is described in Mockito's documentation: https://javadoc.io/doc/org.mockito/mockito-core/latest/org/mockito/Mockito.html#0.3
WARNING: A Java agent has been loaded dynamically (C:\Users\josea\.m2\repository\net\bytebuddy\byte-buddy-agent\1.15.10\byte-buddy-agent-1.15.10.jar)
WARNING: If a serviceability tool is in use, please run with -XX:+EnableDynamicAgentLoading to hide this warning
WARNING: If a serviceability tool is not in use, please run with -Djdk.instrument.traceUsage for more information
WARNING: Dynamic loading of agents will be disallowed by default in a future release
]]></system-err>
  </testcase>
</testsuite>